<?xml version="1.0" encoding="UTF-8"?>
<robot generator="Robot 6.1.1 (Python 3.11.5 on win32)" generated="20230914 10:24:59.027" rpa="false" schemaversion="4">
<suite id="s1" name="Suites">
<suite id="s1-s1" name="LoginTest" source="C:\Users\aymen\PycharmProjects\pythonProject1\TestCasesPom\LoginTest.robot">
<test id="s1-s1-t1" name="Login Test" line="10">
<kw name="Open my Browser" library="LoginKeywords">
<arg>${SiteUrl}</arg>
<arg>${Browser}</arg>
<kw name="Open Browser" library="SeleniumLibrary">
<arg>${SiteUrl}</arg>
<arg>${Browser}</arg>
<doc>Opens a new browser instance to the optional ``url``.</doc>
<msg timestamp="20230914 10:25:00.141" level="INFO">Opening browser 'chrome' to base url 'https://admin-demo.nopcommerce.com/login?ReturnUrl=%2Fadmin%2F'.</msg>
<msg timestamp="20230914 10:25:03.311" level="WARN">The chromedriver version (116.0.5845.96) detected in PATH at C:\Users\aymen\AppData\Local\Programs\Python\Python311\Scripts\chromedriver.exe might not be compatible with the detected chrome version (117.0.5938.62); currently, chromedriver 117.0.5938.62 is recommended for chrome 117.*, so it is advised to delete the driver in PATH and retry</msg>
<status status="PASS" starttime="20230914 10:25:00.139" endtime="20230914 10:25:10.781"/>
</kw>
<kw name="Maximize Browser Window" library="SeleniumLibrary">
<doc>Maximizes current browser window.</doc>
<status status="PASS" starttime="20230914 10:25:10.782" endtime="20230914 10:25:11.156"/>
</kw>
<status status="PASS" starttime="20230914 10:25:00.136" endtime="20230914 10:25:11.156"/>
</kw>
<kw name="Enter UserName" library="LoginKeywords">
<arg>${user}</arg>
<kw name="Input Text" library="SeleniumLibrary">
<arg>${txt_LoginUserName}</arg>
<arg>${username}</arg>
<doc>Types the given ``text`` into the text field identified by ``locator``.</doc>
<msg timestamp="20230914 10:25:11.161" level="INFO">Typing text 'admin@yourstore.com' into text field 'name:Email'.</msg>
<status status="PASS" starttime="20230914 10:25:11.159" endtime="20230914 10:25:11.662"/>
</kw>
<status status="PASS" starttime="20230914 10:25:11.157" endtime="20230914 10:25:11.663"/>
</kw>
<kw name="Enter Password" library="LoginKeywords">
<arg>${pwd}</arg>
<kw name="Input Text" library="SeleniumLibrary">
<arg>${txt_LoginPassword}</arg>
<arg>${password}</arg>
<doc>Types the given ``text`` into the text field identified by ``locator``.</doc>
<msg timestamp="20230914 10:25:11.668" level="INFO">Typing text 'admin' into text field 'name:Password'.</msg>
<status status="PASS" starttime="20230914 10:25:11.665" endtime="20230914 10:25:12.201"/>
</kw>
<status status="PASS" starttime="20230914 10:25:11.664" endtime="20230914 10:25:12.201"/>
</kw>
<kw name="Click SignIn" library="LoginKeywords">
<kw name="Click Button" library="SeleniumLibrary">
<arg>${btn_SIGNIN}</arg>
<doc>Clicks the button identified by ``locator``.</doc>
<msg timestamp="20230914 10:25:12.206" level="INFO">Clicking button 'xpath://button[@class='button-1 login-button']'.</msg>
<status status="PASS" starttime="20230914 10:25:12.203" endtime="20230914 10:25:29.255"/>
</kw>
<status status="PASS" starttime="20230914 10:25:12.202" endtime="20230914 10:25:29.256"/>
</kw>
<kw name="Sleep" library="BuiltIn">
<arg>3</arg>
<doc>Pauses the test executed for the given time.</doc>
<msg timestamp="20230914 10:25:32.258" level="INFO">Slept 3 seconds</msg>
<status status="PASS" starttime="20230914 10:25:29.256" endtime="20230914 10:25:32.258"/>
</kw>
<kw name="Verify Sucessful Login" library="LoginKeywords">
<kw name="Page Should Contain" library="SeleniumLibrary">
<arg>Dashboard</arg>
<doc>Verifies that current page contains ``text``.</doc>
<msg timestamp="20230914 10:25:32.365" level="INFO">Current page contains text 'Dashboard'.</msg>
<status status="PASS" starttime="20230914 10:25:32.260" endtime="20230914 10:25:32.365"/>
</kw>
<status status="PASS" starttime="20230914 10:25:32.259" endtime="20230914 10:25:32.367"/>
</kw>
<kw name="Close my Browsers" library="LoginKeywords">
<kw name="Close Browser" library="SeleniumLibrary">
<doc>Closes the current browser.</doc>
<status status="PASS" starttime="20230914 10:25:32.369" endtime="20230914 10:25:36.885"/>
</kw>
<status status="PASS" starttime="20230914 10:25:32.368" endtime="20230914 10:25:36.886"/>
</kw>
<status status="PASS" starttime="20230914 10:25:00.134" endtime="20230914 10:25:36.887"/>
</test>
<status status="PASS" starttime="20230914 10:24:59.126" endtime="20230914 10:25:36.889"/>
</suite>
<status status="PASS" starttime="20230914 10:24:59.065" endtime="20230914 10:25:36.894"/>
</suite>
<statistics>
<total>
<stat pass="1" fail="0" skip="0">All Tests</stat>
</total>
<tag>
</tag>
<suite>
<stat pass="1" fail="0" skip="0" id="s1" name="Suites">Suites</stat>
<stat pass="1" fail="0" skip="0" id="s1-s1" name="LoginTest">Suites.LoginTest</stat>
</suite>
</statistics>
<errors>
<msg timestamp="20230914 10:25:03.311" level="WARN">The chromedriver version (116.0.5845.96) detected in PATH at C:\Users\aymen\AppData\Local\Programs\Python\Python311\Scripts\chromedriver.exe might not be compatible with the detected chrome version (117.0.5938.62); currently, chromedriver 117.0.5938.62 is recommended for chrome 117.*, so it is advised to delete the driver in PATH and retry</msg>
</errors>
</robot>
